<?xml version="1.0" encoding="UTF-8"?>
<testng-results ignored="0" total="1" passed="1" failed="0" skipped="0">
  <reporter-output>
  </reporter-output>
  <suite started-at="2023-09-14T14:54:23Z" name="Default suite" finished-at="2023-09-14T14:54:52Z" duration-ms="28823">
    <groups>
    </groups>
    <test started-at="2023-09-14T14:54:23Z" name="Default test" finished-at="2023-09-14T14:54:52Z" duration-ms="28823">
      <class name="noushinTest.DragDropDemo">
        <test-method is-config="true" signature="configureAppium()[pri:0, instance:noushinTest.DragDropDemo@59a008ba]" started-at="2023-09-14T14:54:23Z" name="configureAppium" finished-at="2023-09-14T14:54:41Z" duration-ms="18517" status="PASS">
          <reporter-output>
          </reporter-output>
        </test-method> <!-- configureAppium -->
        <test-method signature="SwipeDemoTest()[pri:0, instance:noushinTest.DragDropDemo@59a008ba]" started-at="2023-09-14T14:54:41Z" name="SwipeDemoTest" finished-at="2023-09-14T14:54:49Z" duration-ms="8145" status="PASS">
          <reporter-output>
          </reporter-output>
        </test-method> <!-- SwipeDemoTest -->
        <test-method is-config="true" signature="tearDown()[pri:0, instance:noushinTest.DragDropDemo@59a008ba]" started-at="2023-09-14T14:54:49Z" name="tearDown" finished-at="2023-09-14T14:54:52Z" duration-ms="2120" status="PASS">
          <reporter-output>
          </reporter-output>
        </test-method> <!-- tearDown -->
      </class> <!-- noushinTest.DragDropDemo -->
    </test> <!-- Default test -->
  </suite> <!-- Default suite -->
</testng-results>
