<?xml version="1.0" encoding="UTF-8"?>
<testng-results ignored="0" total="1" passed="1" failed="0" skipped="0">
  <reporter-output>
  </reporter-output>
  <suite started-at="2023-09-13T21:05:35Z" name="Default suite" finished-at="2023-09-13T21:06:27Z" duration-ms="51709">
    <groups>
    </groups>
    <test started-at="2023-09-13T21:05:35Z" name="Default test" finished-at="2023-09-13T21:06:27Z" duration-ms="51709">
      <class name="noushinTest.appiumBasic">
        <test-method is-config="true" signature="configureAppium()[pri:0, instance:noushinTest.appiumBasic@3e6104fc]" started-at="2023-09-13T21:05:35Z" name="configureAppium" finished-at="2023-09-13T21:06:08Z" duration-ms="32673" status="PASS">
          <reporter-output>
          </reporter-output>
        </test-method> <!-- configureAppium -->
        <test-method signature="appiumTest()[pri:0, instance:noushinTest.appiumBasic@3e6104fc]" started-at="2023-09-13T21:06:08Z" name="appiumTest" finished-at="2023-09-13T21:06:23Z" duration-ms="14480" status="PASS">
          <reporter-output>
          </reporter-output>
        </test-method> <!-- appiumTest -->
        <test-method is-config="true" signature="tearDown()[pri:0, instance:noushinTest.appiumBasic@3e6104fc]" started-at="2023-09-13T21:06:23Z" name="tearDown" finished-at="2023-09-13T21:06:27Z" duration-ms="4485" status="PASS">
          <reporter-output>
          </reporter-output>
        </test-method> <!-- tearDown -->
      </class> <!-- noushinTest.appiumBasic -->
    </test> <!-- Default test -->
  </suite> <!-- Default suite -->
</testng-results>
